<?xml version="1.0" encoding="UTF-8"?>
<testsuite xmlns:xsi="http://www.w3.org/2001/XMLSchema-instance" xsi:noNamespaceSchemaLocation="https://maven.apache.org/surefire/maven-surefire-plugin/xsd/surefire-test-report.xsd" version="3.0.2" name="TestSuite" time="2.172" tests="3" errors="0" skipped="0" failures="0">
  <properties>
[...]
</properties>
  <testcase name="runScenario[&quot;verify if create playlist is working&quot;, &quot;validate playlist api&apos;s&quot;](1)" classname="runners.PlayListRunner" time="1.425">
    <system-out><![CDATA[
Scenario: verify if create playlist is working               # src/test/resources/SpotifyFeatures/Playlist.feature:2
Testing PlayList
2025-12-30 16:37
created by using POJO
Renewing the token!!!
AQBU4Iv6djQcCn3gpAp9l_uzl0eG_2izNDhnAZbNqxzebJ2Tp2Rtesc2o9Jhamfpfl9MsObMB2cUnrJPUPUnxLWoeUJERiqyft3flGjahwFTWdJXe-AyYBLvgOCk5PYWgGM
93a779eb73674c47a15b89c3c252742e
4cf667b2cde04993a1349ac79f6f2dc8
Request method:	POST
Request URI:	https://accounts.spotify.com/api/token
Proxy:			<none>
Request params:	<none>
Query params:	<none>
Form params:	refresh_token=AQBU4Iv6djQcCn3gpAp9l_uzl0eG_2izNDhnAZbNqxzebJ2Tp2Rtesc2o9Jhamfpfl9MsObMB2cUnrJPUPUnxLWoeUJERiqyft3flGjahwFTWdJXe-AyYBLvgOCk5PYWgGM
				grant_type=refresh_token
				client_secret=4cf667b2cde04993a1349ac79f6f2dc8
				client_id=93a779eb73674c47a15b89c3c252742e
Path params:	<none>
Headers:		Accept=*/*
				Content-Type=application/x-www-form-urlencoded; charset=ISO-8859-1
Cookies:		<none>
Multiparts:		<none>
Body:			<none>
HTTP/1.1 200 OK
date: Tue, 30 Dec 2025 16:37:50 GMT
request-id: f39d4a1d-a102-4924-854e-9a294bdf6ab2
content-type: application/json
set-cookie: __Host-device_id=AQDrZgwstdvzTZOPqCNCZnnypOZOL_2Y51AK0QBThqHNtTDQ-XfG2mik55DlJxahB5gZqU6hHhs0pZ0w3hx-AqnyIr73tcChdeM;Version=1;Path=/;Max-Age=2147483647;Secure;HttpOnly;SameSite=Lax
set-cookie: sp_tr=false;Version=1;Domain=accounts.spotify.com;Path=/;Secure;SameSite=Lax
server: envoy
x-envoy-upstream-service-time: 37
via: HTTP/1.1 fringe, HTTP/2 edgeproxy, 1.1 google
strict-transport-security: max-age=31536000
x-content-type-options: nosniff
alt-svc: h3=":443"; ma=2592000,h3-29=":443"; ma=2592000
content-encoding: gzip
vary: Accept-Encoding
Alt-Svc: h3=":443"; ma=2592000,h3-29=":443"; ma=2592000
Transfer-Encoding: chunked

{
    "access_token": "BQDQatZQe3cqs8A7qrNAsavs5p_c9ENkinCXETKiKpU0Cg2IxrmMIua80-Ogk89UBiAOHIFB6BW9qkeIR6-669kz8WVzWZkhYTV8AtAQV0jc_HSrB1j4q8WwrnPn45C4i6ku4YXlOFsieBpFyIkq16CcLhakdV3ZwezpUVAHDG1aaxAfmIppDwwTRYbsjL6tliNlQkHQWvGFYB-Ovpq_Q5xtZqR-00V_KDgaFZprmtuF17ScC8-jDC1gFHMZHcT8rWccFtLoidIDh4QHEpK4eVdOHlLvLuX2UgMDYErOjkLv55Y",
    "token_type": "Bearer",
    "expires_in": 3600,
    "scope": "playlist-modify-private playlist-modify-public"
}
  Given create playlist api payload                          # StepDefination.PlaylistSteps.create_playlist_api_payload()
31uk4awi4z6rw5xytawmlfisekcy
Request method:	POST
Request URI:	https://api.spotify.com/v1/users/31uk4awi4z6rw5xytawmlfisekcy/playlists
Proxy:			<none>
Request params:	<none>
Query params:	<none>
Form params:	<none>
Path params:	userId=31uk4awi4z6rw5xytawmlfisekcy
Headers:		Authorization=Bearer BQDQatZQe3cqs8A7qrNAsavs5p_c9ENkinCXETKiKpU0Cg2IxrmMIua80-Ogk89UBiAOHIFB6BW9qkeIR6-669kz8WVzWZkhYTV8AtAQV0jc_HSrB1j4q8WwrnPn45C4i6ku4YXlOFsieBpFyIkq16CcLhakdV3ZwezpUVAHDG1aaxAfmIppDwwTRYbsjL6tliNlQkHQWvGFYB-Ovpq_Q5xtZqR-00V_KDgaFZprmtuF17ScC8-jDC1gFHMZHcT8rWccFtLoidIDh4QHEpK4eVdOHlLvLuX2UgMDYErOjkLv55Y
				Accept=*/*
				Content-Type=application/json
Cookies:		<none>
Multiparts:		<none>
Body:
{
    "description": "created by using POJO",
    "name": "Testing PlayList2025-12-30_16:37",
    "public": false
}
  When user calls with POST http request for create playlist # StepDefination.PlaylistSteps.When_user_calls_with_POST_http_request_for_create_playlist()
HTTP/1.1 201 Created
content-type: application/json; charset=utf-8
cache-control: private, max-age=0
x-robots-tag: noindex, nofollow
access-control-allow-origin: *
access-control-allow-headers: Accept, App-Platform, Authorization, Content-Type, Origin, Retry-After, Spotify-App-Version, X-Cloud-Trace-Context, client-token, content-access-token
access-control-allow-methods: GET, POST, OPTIONS, PUT, DELETE, PATCH
access-control-allow-credentials: true
access-control-max-age: 604800
content-encoding: gzip
strict-transport-security: max-age=31536000
x-content-type-options: nosniff
alt-svc: h3=":443"; ma=2592000,h3-29=":443"; ma=2592000
date: Tue, 30 Dec 2025 16:37:51 GMT
server: envoy
via: HTTP/2 edgeproxy, 1.1 google
Alt-Svc: h3=":443"; ma=2592000,h3-29=":443"; ma=2592000
Transfer-Encoding: chunked

{
    "collaborative": false,
    "description": "created by using POJO",
    "external_urls": {
        "spotify": "https://open.spotify.com/playlist/4YqJNC37mh61YETzO43j1j"
    },
    "followers": {
        "href": null,
        "total": 0
    },
    "href": "https://api.spotify.com/v1/playlists/4YqJNC37mh61YETzO43j1j",
    "id": "4YqJNC37mh61YETzO43j1j",
    "images": [
        
    ],
    "primary_color": null,
    "name": "Testing PlayList2025-12-30_16:37",
    "type": "playlist",
    "uri": "spotify:playlist:4YqJNC37mh61YETzO43j1j",
    "owner": {
        "href": "https://api.spotify.com/v1/users/31uk4awi4z6rw5xytawmlfisekcy",
        "id": "31uk4awi4z6rw5xytawmlfisekcy",
        "type": "user",
        "uri": "spotify:user:31uk4awi4z6rw5xytawmlfisekcy",
        "display_name": null,
        "external_urls": {
            "spotify": "https://open.spotify.com/user/31uk4awi4z6rw5xytawmlfisekcy"
        }
    },
    "public": false,
    "snapshot_id": "AAAAH2O8bIp3GKrAgc8OXx5gySFe4yyC",
    "tracks": {
        "limit": 100,
        "next": null,
        "offset": 0,
        "previous": null,
        "href": "https://api.spotify.com/v1/playlists/4YqJNC37mh61YETzO43j1j/tracks",
        "total": 0,
        "items": [
            
        ]
    }
}
  Then API call executed with status code 201                # StepDefination.PlaylistSteps.API_call_executed_with_status_code(java.lang.Integer)
]]></system-out>
    <system-err><![CDATA[SLF4J: Failed to load class "org.slf4j.impl.StaticLoggerBinder".
SLF4J: Defaulting to no-operation (NOP) logger implementation
SLF4J: See http://www.slf4j.org/codes.html#StaticLoggerBinder for further details.
]]></system-err>
  </testcase>
  <testcase name="runScenario[&quot;verify if fetch playlist functionality is working&quot;, &quot;validate playlist api&apos;s&quot;](2)" classname="runners.PlayListRunner" time="0.19">
    <system-out><![CDATA[
Scenario: verify if fetch playlist functionality is working # src/test/resources/SpotifyFeatures/Playlist.feature:7
Token is good to use and need not be generated
  Given GET playlist api payload                            # StepDefination.PlaylistSteps.GET_playlist_api_payload()
Request method:	GET
Request URI:	https://api.spotify.com/v1/playlists/4YqJNC37mh61YETzO43j1j
Proxy:			<none>
Request params:	<none>
Query params:	<none>
Form params:	<none>
Path params:	PId=4YqJNC37mh61YETzO43j1j
Headers:		Authorization=Bearer BQDQatZQe3cqs8A7qrNAsavs5p_c9ENkinCXETKiKpU0Cg2IxrmMIua80-Ogk89UBiAOHIFB6BW9qkeIR6-669kz8WVzWZkhYTV8AtAQV0jc_HSrB1j4q8WwrnPn45C4i6ku4YXlOFsieBpFyIkq16CcLhakdV3ZwezpUVAHDG1aaxAfmIppDwwTRYbsjL6tliNlQkHQWvGFYB-Ovpq_Q5xtZqR-00V_KDgaFZprmtuF17ScC8-jDC1gFHMZHcT8rWccFtLoidIDh4QHEpK4eVdOHlLvLuX2UgMDYErOjkLv55Y
				Accept=*/*
				Content-Type=application/json
Cookies:		<none>
Multiparts:		<none>
Body:			<none>
  When user calls with GET http request                     # StepDefination.PlaylistSteps.user_calls_with_get_http_request()
HTTP/1.1 200 OK
content-type: application/json; charset=utf-8
cache-control: public, max-age=0
etag: "MC-IjI5ODA4OWU3ODZmMWJmMjdiN2QxMGIwZDg1ZDdiZGNjIg=="
x-robots-tag: noindex, nofollow
access-control-allow-origin: *
access-control-allow-headers: Accept, App-Platform, Authorization, Content-Type, Origin, Retry-After, Spotify-App-Version, X-Cloud-Trace-Context, client-token, content-access-token
access-control-allow-methods: GET, POST, OPTIONS, PUT, DELETE, PATCH
access-control-allow-credentials: true
access-control-max-age: 604800
content-encoding: gzip
strict-transport-security: max-age=31536000
x-content-type-options: nosniff
alt-svc: h3=":443"; ma=2592000,h3-29=":443"; ma=2592000
date: Tue, 30 Dec 2025 16:37:51 GMT
server: envoy
via: HTTP/2 edgeproxy, 1.1 google
Alt-Svc: h3=":443"; ma=2592000,h3-29=":443"; ma=2592000
Transfer-Encoding: chunked

{
    "collaborative": false,
    "description": "created by using POJO",
    "external_urls": {
        "spotify": "https://open.spotify.com/playlist/4YqJNC37mh61YETzO43j1j"
    },
    "followers": {
        "href": null,
        "total": 0
    },
    "href": "https://api.spotify.com/v1/playlists/4YqJNC37mh61YETzO43j1j",
    "id": "4YqJNC37mh61YETzO43j1j",
    "images": null,
    "name": "Testing PlayList2025-12-30_16:37",
    "owner": {
        "display_name": "Hardik Rakhi",
        "external_urls": {
            "spotify": "https://open.spotify.com/user/31uk4awi4z6rw5xytawmlfisekcy"
        },
        "href": "https://api.spotify.com/v1/users/31uk4awi4z6rw5xytawmlfisekcy",
        "id": "31uk4awi4z6rw5xytawmlfisekcy",
        "type": "user",
        "uri": "spotify:user:31uk4awi4z6rw5xytawmlfisekcy"
    },
    "primary_color": null,
    "public": true,
    "snapshot_id": "AAAAAXzL6yTFlj4+quFvA2q0p2WqAcNt",
    "tracks": {
        "href": "https://api.spotify.com/v1/playlists/4YqJNC37mh61YETzO43j1j/tracks?offset=0&limit=0",
        "items": [
            
        ],
        "limit": 0,
        "next": null,
        "offset": 0,
        "previous": null,
        "total": 0
    },
    "type": "playlist",
    "uri": "spotify:playlist:4YqJNC37mh61YETzO43j1j"
}
  Then API call executes with status code 200               # StepDefination.PlaylistSteps.api_call_executes_with_status_code(java.lang.Integer)
]]></system-out>
  </testcase>
  <testcase name="runScenario[&quot;verify if update playlist functionality is working&quot;, &quot;validate playlist api&apos;s&quot;](3)" classname="runners.PlayListRunner" time="0.269">
    <system-out><![CDATA[
Scenario: verify if update playlist functionality is working # src/test/resources/SpotifyFeatures/Playlist.feature:12
Testing PlayList
2025-12-30 16:37
Token is good to use and need not be generated
  Given update playlist api payload                          # StepDefination.PlaylistSteps.Given_update_playlist_api_payload()
Request method:	PUT
Request URI:	https://api.spotify.com/v1/playlists/4YqJNC37mh61YETzO43j1j
Proxy:			<none>
Request params:	<none>
Query params:	<none>
Form params:	<none>
Path params:	putPId=4YqJNC37mh61YETzO43j1j
Headers:		Authorization=Bearer BQDQatZQe3cqs8A7qrNAsavs5p_c9ENkinCXETKiKpU0Cg2IxrmMIua80-Ogk89UBiAOHIFB6BW9qkeIR6-669kz8WVzWZkhYTV8AtAQV0jc_HSrB1j4q8WwrnPn45C4i6ku4YXlOFsieBpFyIkq16CcLhakdV3ZwezpUVAHDG1aaxAfmIppDwwTRYbsjL6tliNlQkHQWvGFYB-Ovpq_Q5xtZqR-00V_KDgaFZprmtuF17ScC8-jDC1gFHMZHcT8rWccFtLoidIDh4QHEpK4eVdOHlLvLuX2UgMDYErOjkLv55Y
				Accept=*/*
				Content-Type=application/json
Cookies:		<none>
Multiparts:		<none>
Body:
{
    "description": "This is the updated playlist created using pojo",
    "name": "Testing PlayList2025-12-30_16:37",
    "public": false
}
  When user calls with PUT http request                      # StepDefination.PlaylistSteps.user_calls_with_put_http_request()
  Then API call should executes with status code 200         # StepDefination.PlaylistSteps.api_call_should_executes_with_status_code(java.lang.Integer)
]]></system-out>
  </testcase>
</testsuite>