<?xml version="1.0" encoding="UTF-8"?>
<testng-results ignored="0" total="3" passed="3" failed="0" skipped="0">
  <reporter-output>
  </reporter-output>
  <suite started-at="2025-12-30T16:37:49 GMT" name="Suite" finished-at="2025-12-30T16:37:51 GMT" duration-ms="2018">
    <groups>
      <group name="cucumber">
        <method signature="AbstractTestNGCucumberTests.runScenario(io.cucumber.testng.PickleWrapper,io.cucumber.testng.FeatureWrapper)[pri:0, instance:runners.PlayListRunner@10e41621]" name="runScenario" class="io.cucumber.testng.AbstractTestNGCucumberTests"/>
      </group> <!-- cucumber -->
    </groups>
    <test started-at="2025-12-30T16:37:49 GMT" name="Test" finished-at="2025-12-30T16:37:51 GMT" duration-ms="2018">
      <class name="runners.PlayListRunner">
        <test-method is-config="true" signature="setUpClass(org.testng.ITestContext)[pri:0, instance:runners.PlayListRunner@10e41621]" started-at="2025-12-30T16:37:49 GMT" name="setUpClass" finished-at="2025-12-30T16:37:49 GMT" duration-ms="122" status="PASS">
          <params>
            <param index="0">
              <value>
                <![CDATA[org.testng.TestRunner@70592729]]>
              </value>
            </param>
          </params>
          <reporter-output>
          </reporter-output>
        </test-method> <!-- setUpClass -->
        <test-method signature="runScenario(io.cucumber.testng.PickleWrapper,io.cucumber.testng.FeatureWrapper)[pri:0, instance:runners.PlayListRunner@10e41621]" started-at="2025-12-30T16:37:49 GMT" name="runScenario" description="Runs Cucumber Scenarios" data-provider="scenarios" finished-at="2025-12-30T16:37:51 GMT" duration-ms="1425" status="PASS">
          <params>
            <param index="0">
              <value>
                <![CDATA["verify if create playlist is working"]]>
              </value>
            </param>
            <param index="1">
              <value>
                <![CDATA["validate playlist api's"]]>
              </value>
            </param>
          </params>
          <reporter-output>
          </reporter-output>
        </test-method> <!-- runScenario -->
        <test-method signature="runScenario(io.cucumber.testng.PickleWrapper,io.cucumber.testng.FeatureWrapper)[pri:0, instance:runners.PlayListRunner@10e41621]" started-at="2025-12-30T16:37:51 GMT" name="runScenario" description="Runs Cucumber Scenarios" data-provider="scenarios" finished-at="2025-12-30T16:37:51 GMT" duration-ms="190" status="PASS">
          <params>
            <param index="0">
              <value>
                <![CDATA["verify if fetch playlist functionality is working"]]>
              </value>
            </param>
            <param index="1">
              <value>
                <![CDATA["validate playlist api's"]]>
              </value>
            </param>
          </params>
          <reporter-output>
          </reporter-output>
        </test-method> <!-- runScenario -->
        <test-method signature="runScenario(io.cucumber.testng.PickleWrapper,io.cucumber.testng.FeatureWrapper)[pri:0, instance:runners.PlayListRunner@10e41621]" started-at="2025-12-30T16:37:51 GMT" name="runScenario" description="Runs Cucumber Scenarios" data-provider="scenarios" finished-at="2025-12-30T16:37:51 GMT" duration-ms="268" status="PASS">
          <params>
            <param index="0">
              <value>
                <![CDATA["verify if update playlist functionality is working"]]>
              </value>
            </param>
            <param index="1">
              <value>
                <![CDATA["validate playlist api's"]]>
              </value>
            </param>
          </params>
          <reporter-output>
          </reporter-output>
        </test-method> <!-- runScenario -->
        <test-method is-config="true" signature="tearDownClass()[pri:0, instance:runners.PlayListRunner@10e41621]" started-at="2025-12-30T16:37:51 GMT" name="tearDownClass" finished-at="2025-12-30T16:37:51 GMT" duration-ms="1" status="PASS">
          <reporter-output>
          </reporter-output>
        </test-method> <!-- tearDownClass -->
      </class> <!-- runners.PlayListRunner -->
    </test> <!-- Test -->
  </suite> <!-- Suite -->
</testng-results>
