<?xml version="1.0" encoding="UTF-8"?>
<!-- Generated by org.testng.reporters.JUnitReportReporter -->
<testsuite hostname="H-Lapi.local" failures="0" tests="3" name="runners.PlayListRunner" time="7.130" errors="0" timestamp="2025-12-30T13:08:04 GMT" skipped="0">
  <testcase classname="runners.PlayListRunner" name="runScenario" time="0.224"/>
  <system-out/>
  <testcase classname="runners.PlayListRunner" name="runScenario" time="0.353"/>
  <system-out/>
  <testcase classname="runners.PlayListRunner" name="runScenario" time="6.553"/>
  <system-out/>
</testsuite> <!-- runners.PlayListRunner -->
