<?xml version="1.0" encoding="UTF-8"?>
<!-- Generated by org.testng.reporters.JUnitReportReporter -->
<testsuite hostname="Mac" failures="0" tests="3" name="runners.PlayListRunner" time="1.883" errors="0" timestamp="2025-12-30T16:37:51 GMT" skipped="0">
  <testcase classname="runners.PlayListRunner" name="runScenario" time="0.190"/>
  <system-out/>
  <testcase classname="runners.PlayListRunner" name="runScenario" time="1.425"/>
  <system-out/>
  <testcase classname="runners.PlayListRunner" name="runScenario" time="0.268"/>
  <system-out/>
</testsuite> <!-- runners.PlayListRunner -->
